<?xml version="1.0" encoding="UTF-8"?>
<!-- Generated by org.testng.reporters.JUnitXMLReporter -->
<testsuite hostname="Ashok-PC" ignored="0" name="Appium Test" tests="1" failures="1" timestamp="12 Dec 2016 09:38:06 GMT" time="2.418" errors="0">
  <testcase name="@AfterClass tearDown" time="0.0" classname="com.maven.appium.DragAndDropTestNGDemo">
    <failure type="java.lang.NullPointerException">
      <![CDATA[java.lang.NullPointerException
	at com.maven.appium.DragAndDropTestNGDemo.tearDown(DragAndDropTestNGDemo.java:63)
... Removed 25 stack frames]]>
    </failure>
  </testcase> <!-- @AfterClass tearDown -->
  <testcase name="dragAndDropTest" time="0.053" classname="com.maven.appium.DragAndDropTestNGDemo">
    <failure type="java.lang.NullPointerException">
      <![CDATA[java.lang.NullPointerException
	at com.maven.appium.DragAndDropTestNGDemo.dragAndDropTest(DragAndDropTestNGDemo.java:49)
... Removed 25 stack frames]]>
    </failure>
  </testcase> <!-- dragAndDropTest -->
</testsuite> <!-- Appium Test -->
