<?xml version="1.0" encoding="UTF-8"?>
<testng-results skipped="0" failed="0" ignored="0" total="1" passed="1">
  <reporter-output>
  </reporter-output>
  <suite name="Appium Suite" duration-ms="29751" started-at="2016-12-14T04:30:40Z" finished-at="2016-12-14T04:31:09Z">
    <groups>
    </groups>
    <test name="Appium Test" duration-ms="29751" started-at="2016-12-14T04:30:40Z" finished-at="2016-12-14T04:31:09Z">
      <class name="com.maven.appium.DragAndDropTestNGDemo">
        <test-method status="PASS" signature="setUP()[pri:0, instance:com.maven.appium.DragAndDropTestNGDemo@6bf256fa]" name="setUP" is-config="true" duration-ms="21687" started-at="2016-12-14T10:00:40Z" finished-at="2016-12-14T10:01:01Z">
          <reporter-output>
          </reporter-output>
        </test-method> <!-- setUP -->
        <test-method status="PASS" signature="dragAndDropTest()[pri:0, instance:com.maven.appium.DragAndDropTestNGDemo@6bf256fa]" name="dragAndDropTest" duration-ms="6670" started-at="2016-12-14T10:01:01Z" finished-at="2016-12-14T10:01:08Z">
          <reporter-output>
          </reporter-output>
        </test-method> <!-- dragAndDropTest -->
        <test-method status="PASS" signature="tearDown()[pri:0, instance:com.maven.appium.DragAndDropTestNGDemo@6bf256fa]" name="tearDown" is-config="true" duration-ms="1375" started-at="2016-12-14T10:01:08Z" finished-at="2016-12-14T10:01:09Z">
          <reporter-output>
          </reporter-output>
        </test-method> <!-- tearDown -->
      </class> <!-- com.maven.appium.DragAndDropTestNGDemo -->
    </test> <!-- Appium Test -->
  </suite> <!-- Appium Suite -->
</testng-results>
